0 info it worked if it ends with ok
1 verbose cli [ 'node', '/usr/local/bin/npm', 'install', '-g', 'grunt2gulp' ]
2 info using npm@2.13.4
3 info using node@v0.12.7
4 verbose install initial load of /usr/local/lib/package.json
5 verbose readDependencies loading dependencies from /usr/local/lib/package.json
6 silly cache add args [ 'grunt2gulp', null ]
7 verbose cache add spec grunt2gulp
8 silly cache add parsed spec { raw: 'grunt2gulp',
8 silly cache add   scope: null,
8 silly cache add   name: 'grunt2gulp',
8 silly cache add   rawSpec: '',
8 silly cache add   spec: '*',
8 silly cache add   type: 'range' }
9 silly addNamed grunt2gulp@*
10 verbose addNamed "*" is a valid semver range for grunt2gulp
11 silly addNameRange { name: 'grunt2gulp', range: '*', hasData: false }
12 silly mapToRegistry name grunt2gulp
13 silly mapToRegistry using default registry
14 silly mapToRegistry registry https://registry.npmjs.org/
15 silly mapToRegistry uri https://registry.npmjs.org/grunt2gulp
16 verbose addNameRange registry:https://registry.npmjs.org/grunt2gulp not in flight; fetching
17 verbose request uri https://registry.npmjs.org/grunt2gulp
18 verbose request no auth needed
19 info attempt registry request try #1 at 4:48:36 AM
20 verbose request id 33703e94249bfc6f
21 http request GET https://registry.npmjs.org/grunt2gulp
22 http 200 https://registry.npmjs.org/grunt2gulp
23 silly get cb [ 200,
23 silly get   { server: 'CouchDB/1.5.0 (Erlang OTP/R16B03)',
23 silly get     etag: '"3QPJOW5OMQQWBNE8OOL78PNHB"',
23 silly get     'content-type': 'application/json',
23 silly get     'cache-control': 'max-age=60',
23 silly get     'content-length': '3573',
23 silly get     'accept-ranges': 'bytes',
23 silly get     date: 'Wed, 23 Sep 2015 23:18:36 GMT',
23 silly get     via: '1.1 varnish',
23 silly get     age: '13',
23 silly get     connection: 'keep-alive',
23 silly get     'x-served-by': 'cache-fra1250-FRA',
23 silly get     'x-cache': 'HIT',
23 silly get     'x-cache-hits': '1',
23 silly get     'x-timer': 'S1443050316.703986,VS0,VE0',
23 silly get     vary: 'Accept' } ]
24 verbose get saving grunt2gulp to /Users/mahaur/.npm/registry.npmjs.org/grunt2gulp/.cache.json
25 verbose makeDirectory /Users/mahaur/.npm creation not in flight; initializing
26 silly makeDirectory /Users/mahaur/.npm uid: 501 gid: 20
27 silly addNameRange number 2 { name: 'grunt2gulp', range: '*', hasData: true }
28 silly addNameRange versions [ 'grunt2gulp', [ '0.0.1' ] ]
29 silly addNamed grunt2gulp@0.0.1
30 verbose addNamed "0.0.1" is a plain semver version for grunt2gulp
31 silly mapToRegistry name grunt2gulp
32 silly mapToRegistry using default registry
33 silly mapToRegistry registry https://registry.npmjs.org/
34 silly mapToRegistry uri https://registry.npmjs.org/grunt2gulp
35 verbose addRemoteTarball https://registry.npmjs.org/grunt2gulp/-/grunt2gulp-0.0.1.tgz not in flight; adding
36 verbose addRemoteTarball [ 'https://registry.npmjs.org/grunt2gulp/-/grunt2gulp-0.0.1.tgz',
36 verbose addRemoteTarball   '4521602441d740dce8221b28823245d25b279696' ]
37 info retry fetch attempt 1 at 4:48:37 AM
38 info attempt registry request try #1 at 4:48:37 AM
39 http fetch GET https://registry.npmjs.org/grunt2gulp/-/grunt2gulp-0.0.1.tgz
40 http fetch 200 https://registry.npmjs.org/grunt2gulp/-/grunt2gulp-0.0.1.tgz
41 silly fetchAndShaCheck shasum 4521602441d740dce8221b28823245d25b279696
42 verbose addTmpTarball /tmp/npm-53854-bed75ed2/registry.npmjs.org/grunt2gulp/-/grunt2gulp-0.0.1.tgz not in flight; adding
43 verbose addTmpTarball already have metadata; skipping unpack for grunt2gulp@0.0.1
44 silly cache afterAdd grunt2gulp@0.0.1
45 verbose afterAdd /Users/mahaur/.npm/grunt2gulp/0.0.1/package/package.json not in flight; writing
46 verbose afterAdd /Users/mahaur/.npm/grunt2gulp/0.0.1/package/package.json written
47 silly install resolved [ { name: 'grunt2gulp',
47 silly install resolved     version: '0.0.1',
47 silly install resolved     description: 'converts Gruntfile.js to a gulpjs-compatible file',
47 silly install resolved     main: 'bin/grunt2gulp.js',
47 silly install resolved     bin: { grunt2gulp: 'grunt2gulp.js' },
47 silly install resolved     scripts: { test: 'echo "Error: no test specified" && exit 1' },
47 silly install resolved     keywords: [ 'grunt', 'gulp' ],
47 silly install resolved     author: { name: 'Rudolf Olah', email: 'omouse@gmail.com' },
47 silly install resolved     license: 'GPLv3',
47 silly install resolved     devDependencies:
47 silly install resolved      { gulp: '^3.8.8',
47 silly install resolved        'gulp-concat': '^2.4.1',
47 silly install resolved        'gulp-jshint': '^1.8.4',
47 silly install resolved        'gulp-rename': '^1.2.0',
47 silly install resolved        'gulp-uglify': '^1.0.1' },
47 silly install resolved     gitHead: 'c44909db51240d9c845b40938a4ee3645e342f70',
47 silly install resolved     _id: 'grunt2gulp@0.0.1',
47 silly install resolved     _shasum: '4521602441d740dce8221b28823245d25b279696',
47 silly install resolved     _from: 'grunt2gulp@*',
47 silly install resolved     _npmVersion: '2.1.11',
47 silly install resolved     _nodeVersion: '0.10.30',
47 silly install resolved     _npmUser: { name: 'omouse', email: 'omouse@gmail.com' },
47 silly install resolved     maintainers: [ [Object] ],
47 silly install resolved     dist:
47 silly install resolved      { shasum: '4521602441d740dce8221b28823245d25b279696',
47 silly install resolved        tarball: 'http://registry.npmjs.org/grunt2gulp/-/grunt2gulp-0.0.1.tgz' },
47 silly install resolved     directories: {},
47 silly install resolved     _resolved: 'https://registry.npmjs.org/grunt2gulp/-/grunt2gulp-0.0.1.tgz' } ]
48 info install grunt2gulp@0.0.1 into /usr/local/lib
49 info installOne grunt2gulp@0.0.1
50 verbose installOne of grunt2gulp to /usr/local/lib not in flight; installing
51 verbose makeDirectory /Users/mahaur/.npm/_locks creation not in flight; initializing
52 silly makeDirectory /Users/mahaur/.npm/_locks uid: 501 gid: 20
53 verbose lock using /Users/mahaur/.npm/_locks/grunt2gulp-1a05ec601df8b858.lock for /usr/local/lib/node_modules/grunt2gulp
54 silly install write writing grunt2gulp 0.0.1 to /usr/local/lib/node_modules/grunt2gulp
55 verbose unbuild lib/node_modules/grunt2gulp
56 silly gentlyRm /usr/local/lib/node_modules/grunt2gulp is being purged from base /usr/local
57 verbose gentlyRm don't care about contents; nuking /usr/local/lib/node_modules/grunt2gulp
58 verbose tar unpack /Users/mahaur/.npm/grunt2gulp/0.0.1/package.tgz
59 verbose tar unpacking to /usr/local/lib/node_modules/grunt2gulp
60 silly gentlyRm /usr/local/lib/node_modules/grunt2gulp is being purged
61 verbose gentlyRm don't care about contents; nuking /usr/local/lib/node_modules/grunt2gulp
62 silly gunzTarPerm modes [ '755', '644' ]
63 silly gunzTarPerm extractEntry package.json
64 silly gunzTarPerm extractEntry .npmignore
65 silly gunzTarPerm extractEntry README.md
66 silly gunzTarPerm extractEntry LICENSE
67 silly gunzTarPerm extractEntry bin/grunt2gulp.js
68 silly gunzTarPerm extractEntry examples/complex-gruntfile.js
69 silly gunzTarPerm extractEntry examples/simple-gruntfile.js
70 silly gunzTarPerm extractEntry examples/simple-gulpfile.js
71 silly gunzTarPerm extractEntry examples/yeoman-generated-issue2.js
72 verbose write writing to /usr/local/lib/node_modules/grunt2gulp/package.json
73 info preinstall grunt2gulp@0.0.1
74 verbose readDependencies loading dependencies from /usr/local/lib/node_modules/grunt2gulp/package.json
75 verbose readDependencies loading dependencies from /usr/local/lib/node_modules/grunt2gulp/package.json
76 silly install resolved []
77 verbose about to build /usr/local/lib/node_modules/grunt2gulp
78 info build /usr/local/lib/node_modules/grunt2gulp
79 info linkStuff grunt2gulp@0.0.1
80 silly linkStuff grunt2gulp@0.0.1 has /usr/local/lib/node_modules as its parent node_modules
81 silly linkStuff grunt2gulp@0.0.1 is part of a global install
82 silly linkStuff grunt2gulp@0.0.1 is installed into a global node_modules
83 silly linkStuff grunt2gulp@0.0.1 is installed into the top-level global node_modules
84 verbose linkBins grunt2gulp@0.0.1
85 verbose link bins [ { grunt2gulp: 'grunt2gulp.js' }, '/usr/local/bin', true ]
86 verbose linkMans grunt2gulp@0.0.1
87 verbose rebuildBundles grunt2gulp@0.0.1
88 verbose unlock done using /Users/mahaur/.npm/_locks/grunt2gulp-1a05ec601df8b858.lock for /usr/local/lib/node_modules/grunt2gulp
89 verbose stack Error: ENOENT, chmod '/usr/local/lib/node_modules/grunt2gulp/grunt2gulp.js'
89 verbose stack     at Error (native)
90 verbose cwd /Users/mahaur/spinny/projects/spinny-web/operations/bower_components/angucomplete-alt
91 error Darwin 14.3.0
92 error argv "node" "/usr/local/bin/npm" "install" "-g" "grunt2gulp"
93 error node v0.12.7
94 error npm  v2.13.4
95 error path /usr/local/lib/node_modules/grunt2gulp/grunt2gulp.js
96 error code ENOENT
97 error errno -2
98 error enoent ENOENT, chmod '/usr/local/lib/node_modules/grunt2gulp/grunt2gulp.js'
98 error enoent This is most likely not a problem with npm itself
98 error enoent and is related to npm not being able to find a file.
99 verbose exit [ -2, true ]
100 verbose unbuild lib/node_modules/grunt2gulp
101 info preuninstall grunt2gulp@0.0.1
102 info uninstall grunt2gulp@0.0.1
103 verbose unbuild rmStuff grunt2gulp@0.0.1 from /usr/local/lib/node_modules
104 silly gentlyRm /usr/local/bin/grunt2gulp is being gently removed
105 silly gentlyRm verifying /usr/local is an npm working directory
106 silly gentlyRm containing path /usr/local is under npm's control, in /usr/local
107 silly gentlyRm deletion target /usr/local/bin/grunt2gulp is under /usr/local
108 verbose gentlyRm vacuuming from /usr/local/bin/grunt2gulp up to /usr/local
109 info postuninstall grunt2gulp@0.0.1
110 silly gentlyRm /usr/local/lib/node_modules/grunt2gulp is being purged from base /usr/local
111 verbose gentlyRm don't care about contents; nuking /usr/local/lib/node_modules/grunt2gulp
112 silly vacuum-fs purging /usr/local/lib/node_modules/grunt2gulp
113 silly vacuum-fs quitting because other entries in /usr/local/lib/node_modules
